-------------------------------------------------------------------------------
Test set: TestSuite
-------------------------------------------------------------------------------
Tests run: 2, Failures: 1, Errors: 0, Skipped: 0, Time elapsed: 57.253 sec <<< FAILURE! - in TestSuite
feature(CucumberPackage.Cucumber.RunnerClass)  Time elapsed: 47.706 sec  <<< FAILURE!
cucumber.runtime.CucumberException: java.lang.AssertionError: expected [http://opensource.demo.orangehrmlive.com/index.php/dashboard] but found [http://opensource.demo.orangehrmlive.com/index.php/auth/validateCredentials]
Caused by: java.lang.AssertionError: expected [http://opensource.demo.orangehrmlive.com/index.php/dashboard] but found [http://opensource.demo.orangehrmlive.com/index.php/auth/validateCredentials]

